<?xml version="1.0" encoding="UTF-8"?>
<testsuite xmlns:xsi="http://www.w3.org/2001/XMLSchema-instance" xsi:noNamespaceSchemaLocation="https://maven.apache.org/surefire/maven-surefire-plugin/xsd/surefire-test-report.xsd" name="vehicles.VehicleRepositoryTests" time="12.321" tests="2" errors="0" skipped="0" failures="0">
  <properties>
[...]
</properties>
  <testcase name="testCreateVehicle" classname="vehicles.VehicleRepositoryTests" time="1.529"/>
  <testcase name="testFindVehicleByMake" classname="vehicles.VehicleRepositoryTests" time="1.071"/>
</testsuite>